0:0:0:0:0:0:0:1 - - [08/Jun/2018:09:04:44 +0700] "GET /persons HTTP/1.1" 404 68
0:0:0:0:0:0:0:1 - - [08/Jun/2018:09:04:52 +0700] "GET /api/persons HTTP/1.1" 200 142
0:0:0:0:0:0:0:1 - - [08/Jun/2018:09:07:45 +0700] "GET /api/persons HTTP/1.1" 200 452
0:0:0:0:0:0:0:1 - - [08/Jun/2018:09:09:29 +0700] "GET /api/persons HTTP/1.1" 200 299
0:0:0:0:0:0:0:1 - - [08/Jun/2018:09:09:59 +0700] "GET /api/persons HTTP/1.1" 200 299
0:0:0:0:0:0:0:1 - - [08/Jun/2018:09:09:59 +0700] "GET /api/persons HTTP/1.1" 200 299
0:0:0:0:0:0:0:1 - - [08/Jun/2018:09:10:00 +0700] "GET /api/persons HTTP/1.1" 200 299
0:0:0:0:0:0:0:1 - - [08/Jun/2018:09:10:01 +0700] "GET /api/persons HTTP/1.1" 200 299
0:0:0:0:0:0:0:1 - - [08/Jun/2018:09:10:01 +0700] "GET /api/persons HTTP/1.1" 200 299
0:0:0:0:0:0:0:1 - - [08/Jun/2018:09:10:02 +0700] "GET /api/persons HTTP/1.1" 200 299
0:0:0:0:0:0:0:1 - - [08/Jun/2018:09:10:03 +0700] "GET /api/persons HTTP/1.1" 200 299
0:0:0:0:0:0:0:1 - - [08/Jun/2018:09:10:03 +0700] "GET /api/persons HTTP/1.1" 200 299
0:0:0:0:0:0:0:1 - - [08/Jun/2018:09:10:04 +0700] "GET /api/persons HTTP/1.1" 200 299
0:0:0:0:0:0:0:1 - - [08/Jun/2018:09:10:04 +0700] "GET /api/persons HTTP/1.1" 200 299
0:0:0:0:0:0:0:1 - - [08/Jun/2018:09:10:05 +0700] "GET /api/persons HTTP/1.1" 200 299
0:0:0:0:0:0:0:1 - - [08/Jun/2018:09:10:06 +0700] "GET /api/persons HTTP/1.1" 200 299
0:0:0:0:0:0:0:1 - - [08/Jun/2018:09:10:06 +0700] "GET /api/persons HTTP/1.1" 200 299
0:0:0:0:0:0:0:1 - - [08/Jun/2018:09:10:07 +0700] "GET /api/persons HTTP/1.1" 200 299
0:0:0:0:0:0:0:1 - - [08/Jun/2018:09:10:08 +0700] "GET /api/persons HTTP/1.1" 200 299
0:0:0:0:0:0:0:1 - - [08/Jun/2018:09:10:08 +0700] "GET /api/persons HTTP/1.1" 200 299
0:0:0:0:0:0:0:1 - - [08/Jun/2018:09:10:09 +0700] "GET /api/persons HTTP/1.1" 200 299
0:0:0:0:0:0:0:1 - - [08/Jun/2018:09:10:11 +0700] "GET /api/persons HTTP/1.1" 200 299
0:0:0:0:0:0:0:1 - - [08/Jun/2018:09:10:11 +0700] "GET /api/persons HTTP/1.1" 200 299
0:0:0:0:0:0:0:1 - - [08/Jun/2018:09:10:12 +0700] "GET /api/persons HTTP/1.1" 200 299
0:0:0:0:0:0:0:1 - - [08/Jun/2018:09:10:12 +0700] "GET /api/persons HTTP/1.1" 200 299
0:0:0:0:0:0:0:1 - - [08/Jun/2018:09:10:13 +0700] "GET /api/persons HTTP/1.1" 200 299
0:0:0:0:0:0:0:1 - - [08/Jun/2018:09:10:21 +0700] "GET / HTTP/1.1" 403 68
0:0:0:0:0:0:0:1 - - [08/Jun/2018:09:10:24 +0700] "GET /api/persons HTTP/1.1" 200 299
0:0:0:0:0:0:0:1 - - [08/Jun/2018:09:45:15 +0700] "GET /api/persons/1 HTTP/1.1" 200 150
0:0:0:0:0:0:0:1 - - [08/Jun/2018:09:45:39 +0700] "GET /api/persons/1 HTTP/1.1" 200 150
0:0:0:0:0:0:0:1 - - [08/Jun/2018:09:45:43 +0700] "GET /api/persons/ HTTP/1.1" 200 298
0:0:0:0:0:0:0:1 - - [08/Jun/2018:09:45:47 +0700] "GET /api/personsdd/ HTTP/1.1" 500 18
0:0:0:0:0:0:0:1 - - [08/Jun/2018:09:46:01 +0700] "GET /api/personsx HTTP/1.1" 500 18
0:0:0:0:0:0:0:1 - - [08/Jun/2018:09:46:53 +0700] "GET /api/personsx HTTP/1.1" 404 68
0:0:0:0:0:0:0:1 - - [08/Jun/2018:09:47:04 +0700] "GET /api/persons/4 HTTP/1.1" 404 68
0:0:0:0:0:0:0:1 - - [08/Jun/2018:09:47:09 +0700] "GET /api/persons/1 HTTP/1.1" 200 150
0:0:0:0:0:0:0:1 - - [08/Jun/2018:09:47:14 +0700] "GET /api/persons/5 HTTP/1.1" 404 68
0:0:0:0:0:0:0:1 - - [08/Jun/2018:09:47:21 +0700] "GET /api/persons HTTP/1.1" 200 298
0:0:0:0:0:0:0:1 - - [08/Jun/2018:09:50:23 +0700] "DELETE /api/persons/5 HTTP/1.1" 404 68
0:0:0:0:0:0:0:1 - - [08/Jun/2018:09:50:27 +0700] "DELETE /api/persons/1 HTTP/1.1" 204 -
0:0:0:0:0:0:0:1 - - [08/Jun/2018:09:50:31 +0700] "GET /api/persons/1 HTTP/1.1" 404 68
0:0:0:0:0:0:0:1 - - [08/Jun/2018:09:50:36 +0700] "GET /api/persons HTTP/1.1" 200 147
0:0:0:0:0:0:0:1 - - [08/Jun/2018:09:51:40 +0700] "GET /api/persons HTTP/1.1" 200 298
0:0:0:0:0:0:0:1 - - [08/Jun/2018:09:51:47 +0700] "DELETE /api/persons HTTP/1.1" 204 -
0:0:0:0:0:0:0:1 - - [08/Jun/2018:09:51:49 +0700] "GET /api/persons HTTP/1.1" 204 -
0:0:0:0:0:0:0:1 - - [08/Jun/2018:09:57:25 +0700] "GET /api/persons HTTP/1.1" 500 80
0:0:0:0:0:0:0:1 - - [08/Jun/2018:09:57:53 +0700] "GET /api/persons HTTP/1.1" 200 298
0:0:0:0:0:0:0:1 - - [08/Jun/2018:09:58:18 +0700] "POST /api/persons HTTP/1.1" 400 215
0:0:0:0:0:0:0:1 - - [08/Jun/2018:09:58:28 +0700] "POST /api/persons HTTP/1.1" 500 80
0:0:0:0:0:0:0:1 - - [08/Jun/2018:10:01:07 +0700] "POST /api/persons HTTP/1.1" 201 62
0:0:0:0:0:0:0:1 - - [08/Jun/2018:10:01:12 +0700] "GET /api/persons HTTP/1.1" 200 361
0:0:0:0:0:0:0:1 - - [08/Jun/2018:10:04:13 +0700] "GET /api/persons HTTP/1.1" 200 298
0:0:0:0:0:0:0:1 - - [08/Jun/2018:10:04:55 +0700] "PUT /api/persons/6 HTTP/1.1" 404 68
0:0:0:0:0:0:0:1 - - [08/Jun/2018:10:04:59 +0700] "PUT /api/persons/1 HTTP/1.1" 200 68
0:0:0:0:0:0:0:1 - - [08/Jun/2018:10:05:03 +0700] "GET /api/persons HTTP/1.1" 200 293
0:0:0:0:0:0:0:1 - - [08/Jun/2018:10:10:37 +0700] "GET /api/persons HTTP/1.1" 500 80
0:0:0:0:0:0:0:1 - - [08/Jun/2018:10:10:43 +0700] "GET /api/persons HTTP/1.1" 500 80
0:0:0:0:0:0:0:1 - - [08/Jun/2018:10:11:30 +0700] "GET /api/persons HTTP/1.1" 200 369
0:0:0:0:0:0:0:1 - - [08/Jun/2018:10:11:41 +0700] "GET /api/persons/find?name=dika HTTP/1.1" 200 223
0:0:0:0:0:0:0:1 - - [08/Jun/2018:10:11:47 +0700] "GET /api/persons/find?name=dikadd HTTP/1.1" 204 -
0:0:0:0:0:0:0:1 - - [08/Jun/2018:10:11:51 +0700] "GET /api/persons/find?name=di HTTP/1.1" 200 223
0:0:0:0:0:0:0:1 - - [08/Jun/2018:10:11:56 +0700] "GET /api/persons/find?name=wow HTTP/1.1" 200 147
0:0:0:0:0:0:0:1 - - [08/Jun/2018:10:11:59 +0700] "GET /api/persons/find?name=dy HTTP/1.1" 200 147
0:0:0:0:0:0:0:1 - - [08/Jun/2018:10:12:02 +0700] "GET /api/persons/find?name=maik HTTP/1.1" 200 152
0:0:0:0:0:0:0:1 - - [08/Jun/2018:10:12:04 +0700] "GET /api/persons/find?name=mai HTTP/1.1" 200 152
0:0:0:0:0:0:0:1 - - [08/Jun/2018:10:44:19 +0700] "GET /persons/address HTTP/1.1" 404 68
0:0:0:0:0:0:0:1 - - [08/Jun/2018:10:44:41 +0700] "GET /api/persons/find?name=mai HTTP/1.1" 200 152
0:0:0:0:0:0:0:1 - - [08/Jun/2018:10:44:46 +0700] "GET /api/persons HTTP/1.1" 200 369
0:0:0:0:0:0:0:1 - - [08/Jun/2018:10:44:53 +0700] "GET /persons/address HTTP/1.1" 404 68
0:0:0:0:0:0:0:1 - - [08/Jun/2018:10:45:04 +0700] "GET /persons/address/1 HTTP/1.1" 404 68
0:0:0:0:0:0:0:1 - - [08/Jun/2018:10:46:19 +0700] "GET /persons/address/1 HTTP/1.1" 404 68
0:0:0:0:0:0:0:1 - - [08/Jun/2018:10:46:24 +0700] "GET /persons/address HTTP/1.1" 404 68
0:0:0:0:0:0:0:1 - - [08/Jun/2018:10:46:30 +0700] "GET /api/persons HTTP/1.1" 200 369
0:0:0:0:0:0:0:1 - - [08/Jun/2018:10:46:37 +0700] "GET /persons/address HTTP/1.1" 404 68
0:0:0:0:0:0:0:1 - - [08/Jun/2018:10:46:45 +0700] "GET /api/persons/address HTTP/1.1" 404 68
0:0:0:0:0:0:0:1 - - [08/Jun/2018:10:47:10 +0700] "GET /api/persons/address HTTP/1.1" 404 68
0:0:0:0:0:0:0:1 - - [08/Jun/2018:10:47:45 +0700] "GET /api/persons HTTP/1.1" 200 369
0:0:0:0:0:0:0:1 - - [08/Jun/2018:10:47:52 +0700] "GET /api/persons/address/1 HTTP/1.1" 404 68
0:0:0:0:0:0:0:1 - - [08/Jun/2018:10:56:52 +0700] "GET /api/persons/address/ HTTP/1.1" 404 68
0:0:0:0:0:0:0:1 - - [08/Jun/2018:11:00:13 +0700] "GET /api/persons/address/ HTTP/1.1" 200 460
0:0:0:0:0:0:0:1 - - [08/Jun/2018:11:00:19 +0700] "GET /api/persons/address/1 HTTP/1.1" 200 230
0:0:0:0:0:0:0:1 - - [08/Jun/2018:11:00:39 +0700] "GET /api/persons/address/find?address=gau HTTP/1.1" 200 232
0:0:0:0:0:0:0:1 - - [08/Jun/2018:11:00:43 +0700] "GET /api/persons/address/find?address=silk HTTP/1.1" 200 229
0:0:0:0:0:0:0:1 - - [08/Jun/2018:11:00:56 +0700] "DELETE /api/persons/address/ HTTP/1.1" 204 -
0:0:0:0:0:0:0:1 - - [08/Jun/2018:11:00:59 +0700] "GET /api/persons/address/ HTTP/1.1" 200 460
0:0:0:0:0:0:0:1 - - [08/Jun/2018:11:01:09 +0700] "DELETE /api/persons/address/ HTTP/1.1" 204 -
0:0:0:0:0:0:0:1 - - [08/Jun/2018:11:01:13 +0700] "GET /api/persons/address/ HTTP/1.1" 200 460
0:0:0:0:0:0:0:1 - - [08/Jun/2018:11:01:26 +0700] "DELETE /api/persons/address/1 HTTP/1.1" 204 -
0:0:0:0:0:0:0:1 - - [08/Jun/2018:11:01:30 +0700] "GET /api/persons/address/1 HTTP/1.1" 200 230
0:0:0:0:0:0:0:1 - - [08/Jun/2018:11:01:57 +0700] "GET /api/persons/address/1 HTTP/1.1" 200 230
0:0:0:0:0:0:0:1 - - [08/Jun/2018:11:02:01 +0700] "DELETE /api/persons/address/1 HTTP/1.1" 204 -
0:0:0:0:0:0:0:1 - - [08/Jun/2018:11:02:09 +0700] "DELETE /api/persons/address/155 HTTP/1.1" 404 68
0:0:0:0:0:0:0:1 - - [08/Jun/2018:11:02:11 +0700] "DELETE /api/persons/address/1 HTTP/1.1" 204 -
